-- Found ament_cmake: 2.5.2 (/opt/ros/jazzy/share/ament_cmake/cmake)
-- Override CMake install command with custom implementation using symlinks instead of copying resources
-- Found rclcpp: 28.1.3 (/opt/ros/jazzy/share/rclcpp/cmake)
-- Found rosidl_generator_c: 4.6.3 (/opt/ros/jazzy/share/rosidl_generator_c/cmake)
-- Found rosidl_generator_cpp: 4.6.3 (/opt/ros/jazzy/share/rosidl_generator_cpp/cmake)
-- Using all available rosidl_typesupport_c: rosidl_typesupport_fastrtps_c;rosidl_typesupport_introspection_c
-- Using all available rosidl_typesupport_cpp: rosidl_typesupport_fastrtps_cpp;rosidl_typesupport_introspection_cpp
-- Found rmw_implementation_cmake: 7.3.1 (/opt/ros/jazzy/share/rmw_implementation_cmake/cmake)
-- Found rmw_fastrtps_cpp: 8.4.1 (/opt/ros/jazzy/share/rmw_fastrtps_cpp/cmake)
-- Using RMW implementation 'rmw_fastrtps_cpp' as default
-- Found rclpy: 7.1.1 (/opt/ros/jazzy/share/rclpy/cmake)
-- Found example_interfaces: 0.12.0 (/opt/ros/jazzy/share/example_interfaces/cmake)
-- Found geometry_msgs: 5.3.5 (/opt/ros/jazzy/share/geometry_msgs/cmake)
-- Found sensor_msgs: 5.3.5 (/opt/ros/jazzy/share/sensor_msgs/cmake)
-- Found nav_msgs: 5.3.5 (/opt/ros/jazzy/share/nav_msgs/cmake)
-- Found cap_msgs: 0.0.0 (/home/christopher/christopher/CHRISTOPHER/ROS2/ros2_ws/install/cap_msgs/share/cap_msgs/cmake)
-- Configuring done (1.4s)
-- Generating done (0.0s)
-- Build files have been written to: /home/christopher/christopher/CHRISTOPHER/ROS2/ros2_ws/src/BASICO/cap_topicos/build/cap_topicos
Built target ament_cmake_python_symlink_cap_topicos
running egg_info
writing cap_topicos.egg-info/PKG-INFO
writing dependency_links to cap_topicos.egg-info/dependency_links.txt
writing top-level names to cap_topicos.egg-info/top_level.txt
reading manifest file 'cap_topicos.egg-info/SOURCES.txt'
writing manifest file 'cap_topicos.egg-info/SOURCES.txt'
Built target ament_cmake_python_build_cap_topicos_egg
-- Install configuration: ""
-- Execute custom install script
-- Up-to-date symlink: /home/christopher/christopher/CHRISTOPHER/ROS2/ros2_ws/src/BASICO/cap_topicos/install/cap_topicos/share/cap_topicos/environment/pythonpath.sh
-- Up-to-date symlink: /home/christopher/christopher/CHRISTOPHER/ROS2/ros2_ws/src/BASICO/cap_topicos/install/cap_topicos/share/cap_topicos/environment/pythonpath.dsv
-- Up-to-date symlink: /home/christopher/christopher/CHRISTOPHER/ROS2/ros2_ws/src/BASICO/cap_topicos/install/cap_topicos/lib/python3.12/site-packages/cap_topicos-0.0.0-py3.12.egg-info/PKG-INFO
-- Up-to-date symlink: /home/christopher/christopher/CHRISTOPHER/ROS2/ros2_ws/src/BASICO/cap_topicos/install/cap_topicos/lib/python3.12/site-packages/cap_topicos-0.0.0-py3.12.egg-info/SOURCES.txt
-- Up-to-date symlink: /home/christopher/christopher/CHRISTOPHER/ROS2/ros2_ws/src/BASICO/cap_topicos/install/cap_topicos/lib/python3.12/site-packages/cap_topicos-0.0.0-py3.12.egg-info/dependency_links.txt
-- Up-to-date symlink: /home/christopher/christopher/CHRISTOPHER/ROS2/ros2_ws/src/BASICO/cap_topicos/install/cap_topicos/lib/python3.12/site-packages/cap_topicos-0.0.0-py3.12.egg-info/top_level.txt
-- Up-to-date symlink: /home/christopher/christopher/CHRISTOPHER/ROS2/ros2_ws/src/BASICO/cap_topicos/install/cap_topicos/lib/python3.12/site-packages/cap_topicos/__init__.py
-- Up-to-date symlink: /home/christopher/christopher/CHRISTOPHER/ROS2/ros2_ws/src/BASICO/cap_topicos/install/cap_topicos/lib/cap_topicos/publisher_array.py
-- Up-to-date symlink: /home/christopher/christopher/CHRISTOPHER/ROS2/ros2_ws/src/BASICO/cap_topicos/install/cap_topicos/lib/cap_topicos/publisher_int.py
-- Up-to-date symlink: /home/christopher/christopher/CHRISTOPHER/ROS2/ros2_ws/src/BASICO/cap_topicos/install/cap_topicos/lib/cap_topicos/publisher_string.py
-- Up-to-date symlink: /home/christopher/christopher/CHRISTOPHER/ROS2/ros2_ws/src/BASICO/cap_topicos/install/cap_topicos/lib/cap_topicos/subscriber_array.py
-- Up-to-date symlink: /home/christopher/christopher/CHRISTOPHER/ROS2/ros2_ws/src/BASICO/cap_topicos/install/cap_topicos/lib/cap_topicos/subscriber_int.py
-- Up-to-date symlink: /home/christopher/christopher/CHRISTOPHER/ROS2/ros2_ws/src/BASICO/cap_topicos/install/cap_topicos/lib/cap_topicos/subscriber_odom.py
-- Up-to-date symlink: /home/christopher/christopher/CHRISTOPHER/ROS2/ros2_ws/src/BASICO/cap_topicos/install/cap_topicos/lib/cap_topicos/subscriber_string.py
-- Up-to-date symlink: /home/christopher/christopher/CHRISTOPHER/ROS2/ros2_ws/src/BASICO/cap_topicos/install/cap_topicos/lib/cap_topicos/teleop_qt.py
-- Up-to-date symlink: /home/christopher/christopher/CHRISTOPHER/ROS2/ros2_ws/src/BASICO/cap_topicos/install/cap_topicos/lib/cap_topicos/teleop.py
-- Up-to-date symlink: /home/christopher/christopher/CHRISTOPHER/ROS2/ros2_ws/src/BASICO/cap_topicos/install/cap_topicos/share/cap_topicos//launch/teleop.launch.py
-- Up-to-date symlink: /home/christopher/christopher/CHRISTOPHER/ROS2/ros2_ws/src/BASICO/cap_topicos/install/cap_topicos/share/cap_topicos//launch/teleop_odom.launch.py
-- Up-to-date symlink: /home/christopher/christopher/CHRISTOPHER/ROS2/ros2_ws/src/BASICO/cap_topicos/install/cap_topicos/share/cap_topicos//launch/teleop_qt.launch.py
-- Up-to-date symlink: /home/christopher/christopher/CHRISTOPHER/ROS2/ros2_ws/src/BASICO/cap_topicos/install/cap_topicos/share/cap_topicos//launch/topicos.launch.py
-- Up-to-date symlink: /home/christopher/christopher/CHRISTOPHER/ROS2/ros2_ws/src/BASICO/cap_topicos/install/cap_topicos/share/cap_topicos//launch/topicos2.launch.py
-- Up-to-date symlink: /home/christopher/christopher/CHRISTOPHER/ROS2/ros2_ws/src/BASICO/cap_topicos/install/cap_topicos/share/cap_topicos//launch/topicos_array.launch.py
-- Symlinking: /home/christopher/christopher/CHRISTOPHER/ROS2/ros2_ws/src/BASICO/cap_topicos/install/cap_topicos/share/ament_index/resource_index/package_run_dependencies/cap_topicos
-- Symlinking: /home/christopher/christopher/CHRISTOPHER/ROS2/ros2_ws/src/BASICO/cap_topicos/install/cap_topicos/share/ament_index/resource_index/parent_prefix_path/cap_topicos
-- Symlinking: /home/christopher/christopher/CHRISTOPHER/ROS2/ros2_ws/src/BASICO/cap_topicos/install/cap_topicos/share/cap_topicos/environment/ament_prefix_path.sh
-- Symlinking: /home/christopher/christopher/CHRISTOPHER/ROS2/ros2_ws/src/BASICO/cap_topicos/install/cap_topicos/share/cap_topicos/environment/ament_prefix_path.dsv
-- Symlinking: /home/christopher/christopher/CHRISTOPHER/ROS2/ros2_ws/src/BASICO/cap_topicos/install/cap_topicos/share/cap_topicos/environment/path.sh
-- Symlinking: /home/christopher/christopher/CHRISTOPHER/ROS2/ros2_ws/src/BASICO/cap_topicos/install/cap_topicos/share/cap_topicos/environment/path.dsv
-- Symlinking: /home/christopher/christopher/CHRISTOPHER/ROS2/ros2_ws/src/BASICO/cap_topicos/install/cap_topicos/share/cap_topicos/local_setup.bash
-- Symlinking: /home/christopher/christopher/CHRISTOPHER/ROS2/ros2_ws/src/BASICO/cap_topicos/install/cap_topicos/share/cap_topicos/local_setup.sh
-- Symlinking: /home/christopher/christopher/CHRISTOPHER/ROS2/ros2_ws/src/BASICO/cap_topicos/install/cap_topicos/share/cap_topicos/local_setup.zsh
-- Symlinking: /home/christopher/christopher/CHRISTOPHER/ROS2/ros2_ws/src/BASICO/cap_topicos/install/cap_topicos/share/cap_topicos/local_setup.dsv
-- Symlinking: /home/christopher/christopher/CHRISTOPHER/ROS2/ros2_ws/src/BASICO/cap_topicos/install/cap_topicos/share/cap_topicos/package.dsv
-- Symlinking: /home/christopher/christopher/CHRISTOPHER/ROS2/ros2_ws/src/BASICO/cap_topicos/install/cap_topicos/share/ament_index/resource_index/packages/cap_topicos
-- Symlinking: /home/christopher/christopher/CHRISTOPHER/ROS2/ros2_ws/src/BASICO/cap_topicos/install/cap_topicos/share/cap_topicos/cmake/cap_topicosConfig.cmake
-- Symlinking: /home/christopher/christopher/CHRISTOPHER/ROS2/ros2_ws/src/BASICO/cap_topicos/install/cap_topicos/share/cap_topicos/cmake/cap_topicosConfig-version.cmake
-- Symlinking: /home/christopher/christopher/CHRISTOPHER/ROS2/ros2_ws/src/BASICO/cap_topicos/install/cap_topicos/share/cap_topicos/package.xml
Listing '/home/christopher/christopher/CHRISTOPHER/ROS2/ros2_ws/src/BASICO/cap_topicos/install/cap_topicos/lib/python3.12/site-packages/cap_topicos'...
Compiling '/home/christopher/christopher/CHRISTOPHER/ROS2/ros2_ws/src/BASICO/cap_topicos/install/cap_topicos/lib/python3.12/site-packages/cap_topicos/__init__.py'...
