[0.020s] Invoking command in '/home/christopher/christopher/CHRISTOPHER/ROS2/ros2_ws/src/BASICO/cap_topicos/build/cap_topicos': CMAKE_PREFIX_PATH=${CMAKE_PREFIX_PATH}:/opt/ros/jazzy DEBUGINFOD_URLS=https://debuginfod.ubuntu.com /usr/bin/cmake --build /home/christopher/christopher/CHRISTOPHER/ROS2/ros2_ws/src/BASICO/cap_topicos/build/cap_topicos -- -j16 -l16
[0.074s] -- Found ament_cmake: 2.5.2 (/opt/ros/jazzy/share/ament_cmake/cmake)
[0.425s] -- Override CMake install command with custom implementation using symlinks instead of copying resources
[0.438s] -- Found rclcpp: 28.1.3 (/opt/ros/jazzy/share/rclcpp/cmake)
[0.496s] -- Found rosidl_generator_c: 4.6.3 (/opt/ros/jazzy/share/rosidl_generator_c/cmake)
[0.514s] -- Found rosidl_generator_cpp: 4.6.3 (/opt/ros/jazzy/share/rosidl_generator_cpp/cmake)
[0.534s] -- Using all available rosidl_typesupport_c: rosidl_typesupport_fastrtps_c;rosidl_typesupport_introspection_c
[0.556s] -- Using all available rosidl_typesupport_cpp: rosidl_typesupport_fastrtps_cpp;rosidl_typesupport_introspection_cpp
[0.655s] -- Found rmw_implementation_cmake: 7.3.1 (/opt/ros/jazzy/share/rmw_implementation_cmake/cmake)
[0.657s] -- Found rmw_fastrtps_cpp: 8.4.1 (/opt/ros/jazzy/share/rmw_fastrtps_cpp/cmake)
[0.768s] -- Using RMW implementation 'rmw_fastrtps_cpp' as default
[0.871s] -- Found rclpy: 7.1.1 (/opt/ros/jazzy/share/rclpy/cmake)
[0.871s] -- Found example_interfaces: 0.12.0 (/opt/ros/jazzy/share/example_interfaces/cmake)
[0.958s] -- Found geometry_msgs: 5.3.5 (/opt/ros/jazzy/share/geometry_msgs/cmake)
[1.009s] -- Found sensor_msgs: 5.3.5 (/opt/ros/jazzy/share/sensor_msgs/cmake)
[1.049s] -- Found nav_msgs: 5.3.5 (/opt/ros/jazzy/share/nav_msgs/cmake)
[1.092s] -- Found cap_msgs: 0.0.0 (/home/christopher/christopher/CHRISTOPHER/ROS2/ros2_ws/install/cap_msgs/share/cap_msgs/cmake)
[1.454s] -- Configuring done (1.4s)
[1.466s] -- Generating done (0.0s)
[1.470s] -- Build files have been written to: /home/christopher/christopher/CHRISTOPHER/ROS2/ros2_ws/src/BASICO/cap_topicos/build/cap_topicos
[1.548s] Built target ament_cmake_python_symlink_cap_topicos
[1.729s] running egg_info
[1.745s] writing cap_topicos.egg-info/PKG-INFO
[1.745s] writing dependency_links to cap_topicos.egg-info/dependency_links.txt
[1.745s] writing top-level names to cap_topicos.egg-info/top_level.txt
[1.790s] reading manifest file 'cap_topicos.egg-info/SOURCES.txt'
[1.791s] writing manifest file 'cap_topicos.egg-info/SOURCES.txt'
[1.824s] Built target ament_cmake_python_build_cap_topicos_egg
[1.837s] Invoked command in '/home/christopher/christopher/CHRISTOPHER/ROS2/ros2_ws/src/BASICO/cap_topicos/build/cap_topicos' returned '0': CMAKE_PREFIX_PATH=${CMAKE_PREFIX_PATH}:/opt/ros/jazzy DEBUGINFOD_URLS=https://debuginfod.ubuntu.com /usr/bin/cmake --build /home/christopher/christopher/CHRISTOPHER/ROS2/ros2_ws/src/BASICO/cap_topicos/build/cap_topicos -- -j16 -l16
[1.882s] Invoking command in '/home/christopher/christopher/CHRISTOPHER/ROS2/ros2_ws/src/BASICO/cap_topicos/build/cap_topicos': CMAKE_PREFIX_PATH=${CMAKE_PREFIX_PATH}:/opt/ros/jazzy DEBUGINFOD_URLS=https://debuginfod.ubuntu.com /usr/bin/cmake --install /home/christopher/christopher/CHRISTOPHER/ROS2/ros2_ws/src/BASICO/cap_topicos/build/cap_topicos
[1.891s] -- Install configuration: ""
[1.891s] -- Execute custom install script
[1.891s] -- Up-to-date symlink: /home/christopher/christopher/CHRISTOPHER/ROS2/ros2_ws/src/BASICO/cap_topicos/install/cap_topicos/share/cap_topicos/environment/pythonpath.sh
[1.892s] -- Up-to-date symlink: /home/christopher/christopher/CHRISTOPHER/ROS2/ros2_ws/src/BASICO/cap_topicos/install/cap_topicos/share/cap_topicos/environment/pythonpath.dsv
[1.892s] -- Up-to-date symlink: /home/christopher/christopher/CHRISTOPHER/ROS2/ros2_ws/src/BASICO/cap_topicos/install/cap_topicos/lib/python3.12/site-packages/cap_topicos-0.0.0-py3.12.egg-info/PKG-INFO
[1.892s] -- Up-to-date symlink: /home/christopher/christopher/CHRISTOPHER/ROS2/ros2_ws/src/BASICO/cap_topicos/install/cap_topicos/lib/python3.12/site-packages/cap_topicos-0.0.0-py3.12.egg-info/SOURCES.txt
[1.892s] -- Up-to-date symlink: /home/christopher/christopher/CHRISTOPHER/ROS2/ros2_ws/src/BASICO/cap_topicos/install/cap_topicos/lib/python3.12/site-packages/cap_topicos-0.0.0-py3.12.egg-info/dependency_links.txt
[1.892s] -- Up-to-date symlink: /home/christopher/christopher/CHRISTOPHER/ROS2/ros2_ws/src/BASICO/cap_topicos/install/cap_topicos/lib/python3.12/site-packages/cap_topicos-0.0.0-py3.12.egg-info/top_level.txt
[1.892s] -- Up-to-date symlink: /home/christopher/christopher/CHRISTOPHER/ROS2/ros2_ws/src/BASICO/cap_topicos/install/cap_topicos/lib/python3.12/site-packages/cap_topicos/__init__.py
[1.893s] -- Up-to-date symlink: /home/christopher/christopher/CHRISTOPHER/ROS2/ros2_ws/src/BASICO/cap_topicos/install/cap_topicos/lib/cap_topicos/publisher_array.py
[1.893s] -- Up-to-date symlink: /home/christopher/christopher/CHRISTOPHER/ROS2/ros2_ws/src/BASICO/cap_topicos/install/cap_topicos/lib/cap_topicos/publisher_int.py
[1.893s] -- Up-to-date symlink: /home/christopher/christopher/CHRISTOPHER/ROS2/ros2_ws/src/BASICO/cap_topicos/install/cap_topicos/lib/cap_topicos/publisher_string.py
[1.893s] -- Up-to-date symlink: /home/christopher/christopher/CHRISTOPHER/ROS2/ros2_ws/src/BASICO/cap_topicos/install/cap_topicos/lib/cap_topicos/subscriber_array.py
[1.893s] -- Up-to-date symlink: /home/christopher/christopher/CHRISTOPHER/ROS2/ros2_ws/src/BASICO/cap_topicos/install/cap_topicos/lib/cap_topicos/subscriber_int.py
[1.893s] -- Up-to-date symlink: /home/christopher/christopher/CHRISTOPHER/ROS2/ros2_ws/src/BASICO/cap_topicos/install/cap_topicos/lib/cap_topicos/subscriber_odom.py
[1.893s] -- Up-to-date symlink: /home/christopher/christopher/CHRISTOPHER/ROS2/ros2_ws/src/BASICO/cap_topicos/install/cap_topicos/lib/cap_topicos/subscriber_string.py
[1.893s] -- Up-to-date symlink: /home/christopher/christopher/CHRISTOPHER/ROS2/ros2_ws/src/BASICO/cap_topicos/install/cap_topicos/lib/cap_topicos/teleop_qt.py
[1.893s] -- Up-to-date symlink: /home/christopher/christopher/CHRISTOPHER/ROS2/ros2_ws/src/BASICO/cap_topicos/install/cap_topicos/lib/cap_topicos/teleop.py
[1.894s] -- Up-to-date symlink: /home/christopher/christopher/CHRISTOPHER/ROS2/ros2_ws/src/BASICO/cap_topicos/install/cap_topicos/share/cap_topicos//launch/teleop.launch.py
[1.894s] -- Up-to-date symlink: /home/christopher/christopher/CHRISTOPHER/ROS2/ros2_ws/src/BASICO/cap_topicos/install/cap_topicos/share/cap_topicos//launch/teleop_odom.launch.py
[1.894s] -- Up-to-date symlink: /home/christopher/christopher/CHRISTOPHER/ROS2/ros2_ws/src/BASICO/cap_topicos/install/cap_topicos/share/cap_topicos//launch/teleop_qt.launch.py
[1.894s] -- Up-to-date symlink: /home/christopher/christopher/CHRISTOPHER/ROS2/ros2_ws/src/BASICO/cap_topicos/install/cap_topicos/share/cap_topicos//launch/topicos.launch.py
[1.894s] -- Up-to-date symlink: /home/christopher/christopher/CHRISTOPHER/ROS2/ros2_ws/src/BASICO/cap_topicos/install/cap_topicos/share/cap_topicos//launch/topicos2.launch.py
[1.894s] -- Up-to-date symlink: /home/christopher/christopher/CHRISTOPHER/ROS2/ros2_ws/src/BASICO/cap_topicos/install/cap_topicos/share/cap_topicos//launch/topicos_array.launch.py
[1.894s] -- Symlinking: /home/christopher/christopher/CHRISTOPHER/ROS2/ros2_ws/src/BASICO/cap_topicos/install/cap_topicos/share/ament_index/resource_index/package_run_dependencies/cap_topicos
[1.905s] -- Symlinking: /home/christopher/christopher/CHRISTOPHER/ROS2/ros2_ws/src/BASICO/cap_topicos/install/cap_topicos/share/ament_index/resource_index/parent_prefix_path/cap_topicos
[1.916s] -- Symlinking: /home/christopher/christopher/CHRISTOPHER/ROS2/ros2_ws/src/BASICO/cap_topicos/install/cap_topicos/share/cap_topicos/environment/ament_prefix_path.sh
[1.926s] -- Symlinking: /home/christopher/christopher/CHRISTOPHER/ROS2/ros2_ws/src/BASICO/cap_topicos/install/cap_topicos/share/cap_topicos/environment/ament_prefix_path.dsv
[1.939s] -- Symlinking: /home/christopher/christopher/CHRISTOPHER/ROS2/ros2_ws/src/BASICO/cap_topicos/install/cap_topicos/share/cap_topicos/environment/path.sh
[1.949s] -- Symlinking: /home/christopher/christopher/CHRISTOPHER/ROS2/ros2_ws/src/BASICO/cap_topicos/install/cap_topicos/share/cap_topicos/environment/path.dsv
[1.959s] -- Symlinking: /home/christopher/christopher/CHRISTOPHER/ROS2/ros2_ws/src/BASICO/cap_topicos/install/cap_topicos/share/cap_topicos/local_setup.bash
[1.969s] -- Symlinking: /home/christopher/christopher/CHRISTOPHER/ROS2/ros2_ws/src/BASICO/cap_topicos/install/cap_topicos/share/cap_topicos/local_setup.sh
[1.978s] -- Symlinking: /home/christopher/christopher/CHRISTOPHER/ROS2/ros2_ws/src/BASICO/cap_topicos/install/cap_topicos/share/cap_topicos/local_setup.zsh
[1.988s] -- Symlinking: /home/christopher/christopher/CHRISTOPHER/ROS2/ros2_ws/src/BASICO/cap_topicos/install/cap_topicos/share/cap_topicos/local_setup.dsv
[1.998s] -- Symlinking: /home/christopher/christopher/CHRISTOPHER/ROS2/ros2_ws/src/BASICO/cap_topicos/install/cap_topicos/share/cap_topicos/package.dsv
[2.009s] -- Symlinking: /home/christopher/christopher/CHRISTOPHER/ROS2/ros2_ws/src/BASICO/cap_topicos/install/cap_topicos/share/ament_index/resource_index/packages/cap_topicos
[2.019s] -- Symlinking: /home/christopher/christopher/CHRISTOPHER/ROS2/ros2_ws/src/BASICO/cap_topicos/install/cap_topicos/share/cap_topicos/cmake/cap_topicosConfig.cmake
[2.030s] -- Symlinking: /home/christopher/christopher/CHRISTOPHER/ROS2/ros2_ws/src/BASICO/cap_topicos/install/cap_topicos/share/cap_topicos/cmake/cap_topicosConfig-version.cmake
[2.040s] -- Symlinking: /home/christopher/christopher/CHRISTOPHER/ROS2/ros2_ws/src/BASICO/cap_topicos/install/cap_topicos/share/cap_topicos/package.xml
[2.080s] Listing '/home/christopher/christopher/CHRISTOPHER/ROS2/ros2_ws/src/BASICO/cap_topicos/install/cap_topicos/lib/python3.12/site-packages/cap_topicos'...
[2.080s] Compiling '/home/christopher/christopher/CHRISTOPHER/ROS2/ros2_ws/src/BASICO/cap_topicos/install/cap_topicos/lib/python3.12/site-packages/cap_topicos/__init__.py'...
[2.088s] Invoked command in '/home/christopher/christopher/CHRISTOPHER/ROS2/ros2_ws/src/BASICO/cap_topicos/build/cap_topicos' returned '0': CMAKE_PREFIX_PATH=${CMAKE_PREFIX_PATH}:/opt/ros/jazzy DEBUGINFOD_URLS=https://debuginfod.ubuntu.com /usr/bin/cmake --install /home/christopher/christopher/CHRISTOPHER/ROS2/ros2_ws/src/BASICO/cap_topicos/build/cap_topicos
