[0.166s] DEBUG:colcon:Command line arguments: ['/usr/bin/colcon', 'build', '--symlink-install', '--packages-select', 'cap_topicos']
[0.166s] DEBUG:colcon:Parsed command line arguments: Namespace(log_base=None, log_level=None, verb_name='build', build_base='build', install_base='install', merge_install=False, symlink_install=True, test_result_base=None, continue_on_error=False, executor='parallel', parallel_workers=16, event_handlers=None, ignore_user_meta=False, metas=['./colcon.meta'], base_paths=['.'], packages_ignore=None, packages_ignore_regex=None, paths=None, packages_up_to=None, packages_up_to_regex=None, packages_above=None, packages_above_and_dependencies=None, packages_above_depth=None, packages_select_by_dep=None, packages_skip_by_dep=None, packages_skip_up_to=None, packages_select_build_failed=False, packages_skip_build_finished=False, packages_select_test_failures=False, packages_skip_test_passed=False, packages_select=['cap_topicos'], packages_skip=None, packages_select_regex=None, packages_skip_regex=None, packages_start=None, packages_end=None, allow_overriding=[], cmake_args=None, cmake_target=None, cmake_target_skip_unavailable=False, cmake_clean_cache=False, cmake_clean_first=False, cmake_force_configure=False, ament_cmake_args=None, catkin_cmake_args=None, catkin_skip_building_tests=False, mixin_files=None, mixin=None, verb_parser=<colcon_mixin.mixin.mixin_argument.MixinArgumentDecorator object at 0x768dd9583e60>, verb_extension=<colcon_core.verb.build.BuildVerb object at 0x768dda31c470>, main=<bound method BuildVerb.main of <colcon_core.verb.build.BuildVerb object at 0x768dda31c470>>, mixin_verb=('build',))
[0.221s] Level 1:colcon.colcon_core.package_discovery:discover_packages(colcon_meta) check parameters
[0.221s] Level 1:colcon.colcon_core.package_discovery:discover_packages(recursive) check parameters
[0.222s] Level 1:colcon.colcon_core.package_discovery:discover_packages(ignore) check parameters
[0.222s] Level 1:colcon.colcon_core.package_discovery:discover_packages(path) check parameters
[0.222s] Level 1:colcon.colcon_core.package_discovery:discover_packages(colcon_meta) discover
[0.222s] Level 1:colcon.colcon_core.package_discovery:discover_packages(recursive) discover
[0.222s] INFO:colcon.colcon_core.package_discovery:Crawling recursively for packages in '/home/christopher/christopher/CHRISTOPHER/ROS2/ros2_ws/src/BASICO/cap_topicos'
[0.222s] Level 1:colcon.colcon_core.package_identification:_identify(.) by extensions ['ignore', 'ignore_ament_install']
[0.222s] Level 1:colcon.colcon_core.package_identification:_identify(.) by extension 'ignore'
[0.222s] Level 1:colcon.colcon_core.package_identification:_identify(.) by extension 'ignore_ament_install'
[0.222s] Level 1:colcon.colcon_core.package_identification:_identify(.) by extensions ['colcon_pkg']
[0.222s] Level 1:colcon.colcon_core.package_identification:_identify(.) by extension 'colcon_pkg'
[0.222s] Level 1:colcon.colcon_core.package_identification:_identify(.) by extensions ['colcon_meta']
[0.222s] Level 1:colcon.colcon_core.package_identification:_identify(.) by extension 'colcon_meta'
[0.223s] Level 1:colcon.colcon_core.package_identification:_identify(.) by extensions ['ros']
[0.223s] Level 1:colcon.colcon_core.package_identification:_identify(.) by extension 'ros'
[0.266s] DEBUG:colcon.colcon_core.package_identification:Package '.' with type 'ros.ament_cmake' and name 'cap_topicos'
[0.266s] Level 1:colcon.colcon_core.package_discovery:discover_packages(recursive) using defaults
[0.266s] Level 1:colcon.colcon_core.package_discovery:discover_packages(ignore) discover
[0.266s] Level 1:colcon.colcon_core.package_discovery:discover_packages(ignore) using defaults
[0.266s] Level 1:colcon.colcon_core.package_discovery:discover_packages(path) discover
[0.266s] Level 1:colcon.colcon_core.package_discovery:discover_packages(path) using defaults
[0.292s] Level 1:colcon.colcon_core.package_discovery:discover_packages(prefix_path) check parameters
[0.292s] Level 1:colcon.colcon_core.package_discovery:discover_packages(prefix_path) discover
[0.295s] DEBUG:colcon.colcon_installed_package_information.package_discovery:Found 6 installed packages in /home/christopher/christopher/CHRISTOPHER/ROS2/ros2_ws/install
[0.298s] DEBUG:colcon.colcon_installed_package_information.package_discovery:Found 415 installed packages in /opt/ros/jazzy
[0.301s] Level 1:colcon.colcon_core.package_discovery:discover_packages(prefix_path) using defaults
[0.382s] Level 5:colcon.colcon_core.verb:set package 'cap_topicos' build argument 'cmake_args' from command line to 'None'
[0.382s] Level 5:colcon.colcon_core.verb:set package 'cap_topicos' build argument 'cmake_target' from command line to 'None'
[0.382s] Level 5:colcon.colcon_core.verb:set package 'cap_topicos' build argument 'cmake_target_skip_unavailable' from command line to 'False'
[0.382s] Level 5:colcon.colcon_core.verb:set package 'cap_topicos' build argument 'cmake_clean_cache' from command line to 'False'
[0.382s] Level 5:colcon.colcon_core.verb:set package 'cap_topicos' build argument 'cmake_clean_first' from command line to 'False'
[0.382s] Level 5:colcon.colcon_core.verb:set package 'cap_topicos' build argument 'cmake_force_configure' from command line to 'False'
[0.382s] Level 5:colcon.colcon_core.verb:set package 'cap_topicos' build argument 'ament_cmake_args' from command line to 'None'
[0.382s] Level 5:colcon.colcon_core.verb:set package 'cap_topicos' build argument 'catkin_cmake_args' from command line to 'None'
[0.382s] Level 5:colcon.colcon_core.verb:set package 'cap_topicos' build argument 'catkin_skip_building_tests' from command line to 'False'
[0.382s] DEBUG:colcon.colcon_core.verb:Building package 'cap_topicos' with the following arguments: {'ament_cmake_args': None, 'build_base': '/home/christopher/christopher/CHRISTOPHER/ROS2/ros2_ws/src/BASICO/cap_topicos/build/cap_topicos', 'catkin_cmake_args': None, 'catkin_skip_building_tests': False, 'cmake_args': None, 'cmake_clean_cache': False, 'cmake_clean_first': False, 'cmake_force_configure': False, 'cmake_target': None, 'cmake_target_skip_unavailable': False, 'install_base': '/home/christopher/christopher/CHRISTOPHER/ROS2/ros2_ws/src/BASICO/cap_topicos/install/cap_topicos', 'merge_install': False, 'path': '/home/christopher/christopher/CHRISTOPHER/ROS2/ros2_ws/src/BASICO/cap_topicos', 'symlink_install': True, 'test_result_base': None}
[0.382s] INFO:colcon.colcon_core.executor:Executing jobs using 'parallel' executor
[0.384s] DEBUG:colcon.colcon_parallel_executor.executor.parallel:run_until_complete
[0.384s] INFO:colcon.colcon_ros.task.ament_cmake.build:Building ROS package in '/home/christopher/christopher/CHRISTOPHER/ROS2/ros2_ws/src/BASICO/cap_topicos' with build type 'ament_cmake'
[0.384s] INFO:colcon.colcon_cmake.task.cmake.build:Building CMake package in '/home/christopher/christopher/CHRISTOPHER/ROS2/ros2_ws/src/BASICO/cap_topicos'
[0.387s] INFO:colcon.colcon_core.plugin_system:Skipping extension 'colcon_core.shell.bat': Not used on non-Windows systems
[0.388s] INFO:colcon.colcon_core.shell:Skip shell extension 'powershell' for command environment: Not usable outside of PowerShell
[0.388s] DEBUG:colcon.colcon_core.shell:Skip shell extension 'dsv' for command environment
[0.406s] DEBUG:colcon.colcon_core.event_handler.log_command:Invoking command in '/home/christopher/christopher/CHRISTOPHER/ROS2/ros2_ws/src/BASICO/cap_topicos/build/cap_topicos': CMAKE_PREFIX_PATH=${CMAKE_PREFIX_PATH}:/opt/ros/jazzy DEBUGINFOD_URLS=https://debuginfod.ubuntu.com /usr/bin/cmake --build /home/christopher/christopher/CHRISTOPHER/ROS2/ros2_ws/src/BASICO/cap_topicos/build/cap_topicos -- -j16 -l16
[2.221s] DEBUG:colcon.colcon_core.event_handler.log_command:Invoked command in '/home/christopher/christopher/CHRISTOPHER/ROS2/ros2_ws/src/BASICO/cap_topicos/build/cap_topicos' returned '0': CMAKE_PREFIX_PATH=${CMAKE_PREFIX_PATH}:/opt/ros/jazzy DEBUGINFOD_URLS=https://debuginfod.ubuntu.com /usr/bin/cmake --build /home/christopher/christopher/CHRISTOPHER/ROS2/ros2_ws/src/BASICO/cap_topicos/build/cap_topicos -- -j16 -l16
[2.267s] DEBUG:colcon.colcon_core.event_handler.log_command:Invoking command in '/home/christopher/christopher/CHRISTOPHER/ROS2/ros2_ws/src/BASICO/cap_topicos/build/cap_topicos': CMAKE_PREFIX_PATH=${CMAKE_PREFIX_PATH}:/opt/ros/jazzy DEBUGINFOD_URLS=https://debuginfod.ubuntu.com /usr/bin/cmake --install /home/christopher/christopher/CHRISTOPHER/ROS2/ros2_ws/src/BASICO/cap_topicos/build/cap_topicos
[2.472s] Level 1:colcon.colcon_core.environment:create_environment_scripts_only(cap_topicos)
[2.473s] DEBUG:colcon.colcon_core.event_handler.log_command:Invoked command in '/home/christopher/christopher/CHRISTOPHER/ROS2/ros2_ws/src/BASICO/cap_topicos/build/cap_topicos' returned '0': CMAKE_PREFIX_PATH=${CMAKE_PREFIX_PATH}:/opt/ros/jazzy DEBUGINFOD_URLS=https://debuginfod.ubuntu.com /usr/bin/cmake --install /home/christopher/christopher/CHRISTOPHER/ROS2/ros2_ws/src/BASICO/cap_topicos/build/cap_topicos
[2.474s] Level 1:colcon.colcon_core.environment:checking '/home/christopher/christopher/CHRISTOPHER/ROS2/ros2_ws/src/BASICO/cap_topicos/install/cap_topicos' for CMake module files
[2.475s] Level 1:colcon.colcon_core.environment:checking '/home/christopher/christopher/CHRISTOPHER/ROS2/ros2_ws/src/BASICO/cap_topicos/install/cap_topicos' for CMake config files
[2.475s] Level 1:colcon.colcon_core.shell:create_environment_hook('cap_topicos', 'cmake_prefix_path')
[2.476s] INFO:colcon.colcon_core.shell:Creating environment hook '/home/christopher/christopher/CHRISTOPHER/ROS2/ros2_ws/src/BASICO/cap_topicos/install/cap_topicos/share/cap_topicos/hook/cmake_prefix_path.ps1'
[2.476s] INFO:colcon.colcon_core.shell:Creating environment descriptor '/home/christopher/christopher/CHRISTOPHER/ROS2/ros2_ws/src/BASICO/cap_topicos/install/cap_topicos/share/cap_topicos/hook/cmake_prefix_path.dsv'
[2.476s] INFO:colcon.colcon_core.shell:Creating environment hook '/home/christopher/christopher/CHRISTOPHER/ROS2/ros2_ws/src/BASICO/cap_topicos/install/cap_topicos/share/cap_topicos/hook/cmake_prefix_path.sh'
[2.477s] Level 1:colcon.colcon_core.environment:checking '/home/christopher/christopher/CHRISTOPHER/ROS2/ros2_ws/src/BASICO/cap_topicos/install/cap_topicos/lib'
[2.477s] Level 1:colcon.colcon_core.environment:checking '/home/christopher/christopher/CHRISTOPHER/ROS2/ros2_ws/src/BASICO/cap_topicos/install/cap_topicos/bin'
[2.477s] Level 1:colcon.colcon_core.environment:checking '/home/christopher/christopher/CHRISTOPHER/ROS2/ros2_ws/src/BASICO/cap_topicos/install/cap_topicos/lib/pkgconfig/cap_topicos.pc'
[2.477s] Level 1:colcon.colcon_core.environment:checking '/home/christopher/christopher/CHRISTOPHER/ROS2/ros2_ws/src/BASICO/cap_topicos/install/cap_topicos/lib/python3.12/site-packages'
[2.477s] Level 1:colcon.colcon_core.shell:create_environment_hook('cap_topicos', 'pythonpath')
[2.477s] INFO:colcon.colcon_core.shell:Creating environment hook '/home/christopher/christopher/CHRISTOPHER/ROS2/ros2_ws/src/BASICO/cap_topicos/install/cap_topicos/share/cap_topicos/hook/pythonpath.ps1'
[2.478s] INFO:colcon.colcon_core.shell:Creating environment descriptor '/home/christopher/christopher/CHRISTOPHER/ROS2/ros2_ws/src/BASICO/cap_topicos/install/cap_topicos/share/cap_topicos/hook/pythonpath.dsv'
[2.478s] INFO:colcon.colcon_core.shell:Creating environment hook '/home/christopher/christopher/CHRISTOPHER/ROS2/ros2_ws/src/BASICO/cap_topicos/install/cap_topicos/share/cap_topicos/hook/pythonpath.sh'
[2.478s] Level 1:colcon.colcon_core.environment:checking '/home/christopher/christopher/CHRISTOPHER/ROS2/ros2_ws/src/BASICO/cap_topicos/install/cap_topicos/bin'
[2.478s] INFO:colcon.colcon_core.shell:Creating package script '/home/christopher/christopher/CHRISTOPHER/ROS2/ros2_ws/src/BASICO/cap_topicos/install/cap_topicos/share/cap_topicos/package.ps1'
[2.479s] INFO:colcon.colcon_core.shell:Creating package descriptor '/home/christopher/christopher/CHRISTOPHER/ROS2/ros2_ws/src/BASICO/cap_topicos/install/cap_topicos/share/cap_topicos/package.dsv'
[2.479s] INFO:colcon.colcon_core.shell:Creating package script '/home/christopher/christopher/CHRISTOPHER/ROS2/ros2_ws/src/BASICO/cap_topicos/install/cap_topicos/share/cap_topicos/package.sh'
[2.480s] INFO:colcon.colcon_core.shell:Creating package script '/home/christopher/christopher/CHRISTOPHER/ROS2/ros2_ws/src/BASICO/cap_topicos/install/cap_topicos/share/cap_topicos/package.bash'
[2.480s] INFO:colcon.colcon_core.shell:Creating package script '/home/christopher/christopher/CHRISTOPHER/ROS2/ros2_ws/src/BASICO/cap_topicos/install/cap_topicos/share/cap_topicos/package.zsh'
[2.480s] Level 1:colcon.colcon_core.environment:create_file_with_runtime_dependencies(/home/christopher/christopher/CHRISTOPHER/ROS2/ros2_ws/src/BASICO/cap_topicos/install/cap_topicos/share/colcon-core/packages/cap_topicos)
[2.514s] Level 1:colcon.colcon_core.environment:create_environment_scripts_only(cap_topicos)
[2.514s] Level 1:colcon.colcon_core.environment:checking '/home/christopher/christopher/CHRISTOPHER/ROS2/ros2_ws/src/BASICO/cap_topicos/install/cap_topicos' for CMake module files
[2.515s] Level 1:colcon.colcon_core.environment:checking '/home/christopher/christopher/CHRISTOPHER/ROS2/ros2_ws/src/BASICO/cap_topicos/install/cap_topicos' for CMake config files
[2.515s] Level 1:colcon.colcon_core.shell:create_environment_hook('cap_topicos', 'cmake_prefix_path')
[2.515s] INFO:colcon.colcon_core.shell:Creating environment hook '/home/christopher/christopher/CHRISTOPHER/ROS2/ros2_ws/src/BASICO/cap_topicos/install/cap_topicos/share/cap_topicos/hook/cmake_prefix_path.ps1'
[2.516s] INFO:colcon.colcon_core.shell:Creating environment descriptor '/home/christopher/christopher/CHRISTOPHER/ROS2/ros2_ws/src/BASICO/cap_topicos/install/cap_topicos/share/cap_topicos/hook/cmake_prefix_path.dsv'
[2.516s] INFO:colcon.colcon_core.shell:Creating environment hook '/home/christopher/christopher/CHRISTOPHER/ROS2/ros2_ws/src/BASICO/cap_topicos/install/cap_topicos/share/cap_topicos/hook/cmake_prefix_path.sh'
[2.517s] Level 1:colcon.colcon_core.environment:checking '/home/christopher/christopher/CHRISTOPHER/ROS2/ros2_ws/src/BASICO/cap_topicos/install/cap_topicos/lib'
[2.517s] Level 1:colcon.colcon_core.environment:checking '/home/christopher/christopher/CHRISTOPHER/ROS2/ros2_ws/src/BASICO/cap_topicos/install/cap_topicos/bin'
[2.517s] Level 1:colcon.colcon_core.environment:checking '/home/christopher/christopher/CHRISTOPHER/ROS2/ros2_ws/src/BASICO/cap_topicos/install/cap_topicos/lib/pkgconfig/cap_topicos.pc'
[2.517s] Level 1:colcon.colcon_core.environment:checking '/home/christopher/christopher/CHRISTOPHER/ROS2/ros2_ws/src/BASICO/cap_topicos/install/cap_topicos/lib/python3.12/site-packages'
[2.517s] Level 1:colcon.colcon_core.shell:create_environment_hook('cap_topicos', 'pythonpath')
[2.517s] INFO:colcon.colcon_core.shell:Creating environment hook '/home/christopher/christopher/CHRISTOPHER/ROS2/ros2_ws/src/BASICO/cap_topicos/install/cap_topicos/share/cap_topicos/hook/pythonpath.ps1'
[2.517s] INFO:colcon.colcon_core.shell:Creating environment descriptor '/home/christopher/christopher/CHRISTOPHER/ROS2/ros2_ws/src/BASICO/cap_topicos/install/cap_topicos/share/cap_topicos/hook/pythonpath.dsv'
[2.518s] INFO:colcon.colcon_core.shell:Creating environment hook '/home/christopher/christopher/CHRISTOPHER/ROS2/ros2_ws/src/BASICO/cap_topicos/install/cap_topicos/share/cap_topicos/hook/pythonpath.sh'
[2.518s] Level 1:colcon.colcon_core.environment:checking '/home/christopher/christopher/CHRISTOPHER/ROS2/ros2_ws/src/BASICO/cap_topicos/install/cap_topicos/bin'
[2.518s] INFO:colcon.colcon_core.shell:Creating package script '/home/christopher/christopher/CHRISTOPHER/ROS2/ros2_ws/src/BASICO/cap_topicos/install/cap_topicos/share/cap_topicos/package.ps1'
[2.518s] INFO:colcon.colcon_core.shell:Creating package descriptor '/home/christopher/christopher/CHRISTOPHER/ROS2/ros2_ws/src/BASICO/cap_topicos/install/cap_topicos/share/cap_topicos/package.dsv'
[2.519s] INFO:colcon.colcon_core.shell:Creating package script '/home/christopher/christopher/CHRISTOPHER/ROS2/ros2_ws/src/BASICO/cap_topicos/install/cap_topicos/share/cap_topicos/package.sh'
[2.519s] INFO:colcon.colcon_core.shell:Creating package script '/home/christopher/christopher/CHRISTOPHER/ROS2/ros2_ws/src/BASICO/cap_topicos/install/cap_topicos/share/cap_topicos/package.bash'
[2.519s] INFO:colcon.colcon_core.shell:Creating package script '/home/christopher/christopher/CHRISTOPHER/ROS2/ros2_ws/src/BASICO/cap_topicos/install/cap_topicos/share/cap_topicos/package.zsh'
[2.520s] Level 1:colcon.colcon_core.environment:create_file_with_runtime_dependencies(/home/christopher/christopher/CHRISTOPHER/ROS2/ros2_ws/src/BASICO/cap_topicos/install/cap_topicos/share/colcon-core/packages/cap_topicos)
[2.520s] DEBUG:colcon.colcon_parallel_executor.executor.parallel:closing loop
[2.520s] DEBUG:colcon.colcon_parallel_executor.executor.parallel:loop closed
[2.520s] DEBUG:colcon.colcon_parallel_executor.executor.parallel:run_until_complete finished with '0'
[2.520s] DEBUG:colcon.colcon_core.event_reactor:joining thread
[2.526s] INFO:colcon.colcon_core.plugin_system:Skipping extension 'colcon_notification.desktop_notification.terminal_notifier': Not used on non-Darwin systems
[2.527s] INFO:colcon.colcon_core.plugin_system:Skipping extension 'colcon_notification.desktop_notification.win32': Not used on non-Windows systems
[2.527s] INFO:colcon.colcon_notification.desktop_notification:Sending desktop notification using 'notify2'
[2.538s] DEBUG:colcon.colcon_core.event_reactor:joined thread
[2.539s] INFO:colcon.colcon_core.shell:Creating prefix script '/home/christopher/christopher/CHRISTOPHER/ROS2/ros2_ws/src/BASICO/cap_topicos/install/local_setup.ps1'
[2.539s] INFO:colcon.colcon_core.shell:Creating prefix util module '/home/christopher/christopher/CHRISTOPHER/ROS2/ros2_ws/src/BASICO/cap_topicos/install/_local_setup_util_ps1.py'
[2.540s] INFO:colcon.colcon_core.shell:Creating prefix chain script '/home/christopher/christopher/CHRISTOPHER/ROS2/ros2_ws/src/BASICO/cap_topicos/install/setup.ps1'
[2.541s] INFO:colcon.colcon_core.shell:Creating prefix script '/home/christopher/christopher/CHRISTOPHER/ROS2/ros2_ws/src/BASICO/cap_topicos/install/local_setup.sh'
[2.541s] INFO:colcon.colcon_core.shell:Creating prefix util module '/home/christopher/christopher/CHRISTOPHER/ROS2/ros2_ws/src/BASICO/cap_topicos/install/_local_setup_util_sh.py'
[2.542s] INFO:colcon.colcon_core.shell:Creating prefix chain script '/home/christopher/christopher/CHRISTOPHER/ROS2/ros2_ws/src/BASICO/cap_topicos/install/setup.sh'
[2.543s] INFO:colcon.colcon_core.shell:Creating prefix script '/home/christopher/christopher/CHRISTOPHER/ROS2/ros2_ws/src/BASICO/cap_topicos/install/local_setup.bash'
[2.543s] INFO:colcon.colcon_core.shell:Creating prefix chain script '/home/christopher/christopher/CHRISTOPHER/ROS2/ros2_ws/src/BASICO/cap_topicos/install/setup.bash'
[2.544s] INFO:colcon.colcon_core.shell:Creating prefix script '/home/christopher/christopher/CHRISTOPHER/ROS2/ros2_ws/src/BASICO/cap_topicos/install/local_setup.zsh'
[2.544s] INFO:colcon.colcon_core.shell:Creating prefix chain script '/home/christopher/christopher/CHRISTOPHER/ROS2/ros2_ws/src/BASICO/cap_topicos/install/setup.zsh'
