[0.166s] DEBUG:colcon:Command line arguments: ['/usr/bin/colcon', 'build', '--symlink-install', '--packages-select', 'cap_topicos']
[0.167s] DEBUG:colcon:Parsed command line arguments: Namespace(log_base=None, log_level=None, verb_name='build', build_base='build', install_base='install', merge_install=False, symlink_install=True, test_result_base=None, continue_on_error=False, executor='parallel', parallel_workers=16, event_handlers=None, ignore_user_meta=False, metas=['./colcon.meta'], base_paths=['.'], packages_ignore=None, packages_ignore_regex=None, paths=None, packages_up_to=None, packages_up_to_regex=None, packages_above=None, packages_above_and_dependencies=None, packages_above_depth=None, packages_select_by_dep=None, packages_skip_by_dep=None, packages_skip_up_to=None, packages_select_build_failed=False, packages_skip_build_finished=False, packages_select_test_failures=False, packages_skip_test_passed=False, packages_select=['cap_topicos'], packages_skip=None, packages_select_regex=None, packages_skip_regex=None, packages_start=None, packages_end=None, allow_overriding=[], cmake_args=None, cmake_target=None, cmake_target_skip_unavailable=False, cmake_clean_cache=False, cmake_clean_first=False, cmake_force_configure=False, ament_cmake_args=None, catkin_cmake_args=None, catkin_skip_building_tests=False, mixin_files=None, mixin=None, verb_parser=<colcon_mixin.mixin.mixin_argument.MixinArgumentDecorator object at 0x7b4bf8383dd0>, verb_extension=<colcon_core.verb.build.BuildVerb object at 0x7b4bf849a2a0>, main=<bound method BuildVerb.main of <colcon_core.verb.build.BuildVerb object at 0x7b4bf849a2a0>>, mixin_verb=('build',))
[0.222s] Level 1:colcon.colcon_core.package_discovery:discover_packages(colcon_meta) check parameters
[0.222s] Level 1:colcon.colcon_core.package_discovery:discover_packages(recursive) check parameters
[0.222s] Level 1:colcon.colcon_core.package_discovery:discover_packages(ignore) check parameters
[0.222s] Level 1:colcon.colcon_core.package_discovery:discover_packages(path) check parameters
[0.222s] Level 1:colcon.colcon_core.package_discovery:discover_packages(colcon_meta) discover
[0.222s] Level 1:colcon.colcon_core.package_discovery:discover_packages(recursive) discover
[0.222s] INFO:colcon.colcon_core.package_discovery:Crawling recursively for packages in '/home/christopher/christopher/CHRISTOPHER/ROS2/ros2_ws/src/BASICO/cap_topicos'
[0.222s] Level 1:colcon.colcon_core.package_identification:_identify(.) by extensions ['ignore', 'ignore_ament_install']
[0.223s] Level 1:colcon.colcon_core.package_identification:_identify(.) by extension 'ignore'
[0.223s] Level 1:colcon.colcon_core.package_identification:_identify(.) by extension 'ignore_ament_install'
[0.223s] Level 1:colcon.colcon_core.package_identification:_identify(.) by extensions ['colcon_pkg']
[0.223s] Level 1:colcon.colcon_core.package_identification:_identify(.) by extension 'colcon_pkg'
[0.223s] Level 1:colcon.colcon_core.package_identification:_identify(.) by extensions ['colcon_meta']
[0.223s] Level 1:colcon.colcon_core.package_identification:_identify(.) by extension 'colcon_meta'
[0.223s] Level 1:colcon.colcon_core.package_identification:_identify(.) by extensions ['ros']
[0.223s] Level 1:colcon.colcon_core.package_identification:_identify(.) by extension 'ros'
[0.266s] DEBUG:colcon.colcon_core.package_identification:Package '.' with type 'ros.ament_cmake' and name 'cap_topicos'
[0.266s] Level 1:colcon.colcon_core.package_discovery:discover_packages(recursive) using defaults
[0.266s] Level 1:colcon.colcon_core.package_discovery:discover_packages(ignore) discover
[0.266s] Level 1:colcon.colcon_core.package_discovery:discover_packages(ignore) using defaults
[0.267s] Level 1:colcon.colcon_core.package_discovery:discover_packages(path) discover
[0.267s] Level 1:colcon.colcon_core.package_discovery:discover_packages(path) using defaults
[0.293s] Level 1:colcon.colcon_core.package_discovery:discover_packages(prefix_path) check parameters
[0.293s] Level 1:colcon.colcon_core.package_discovery:discover_packages(prefix_path) discover
[0.296s] DEBUG:colcon.colcon_installed_package_information.package_discovery:Found 6 installed packages in /home/christopher/christopher/CHRISTOPHER/ROS2/ros2_ws/install
[0.299s] DEBUG:colcon.colcon_installed_package_information.package_discovery:Found 415 installed packages in /opt/ros/jazzy
[0.302s] Level 1:colcon.colcon_core.package_discovery:discover_packages(prefix_path) using defaults
[0.385s] Level 5:colcon.colcon_core.verb:set package 'cap_topicos' build argument 'cmake_args' from command line to 'None'
[0.385s] Level 5:colcon.colcon_core.verb:set package 'cap_topicos' build argument 'cmake_target' from command line to 'None'
[0.385s] Level 5:colcon.colcon_core.verb:set package 'cap_topicos' build argument 'cmake_target_skip_unavailable' from command line to 'False'
[0.385s] Level 5:colcon.colcon_core.verb:set package 'cap_topicos' build argument 'cmake_clean_cache' from command line to 'False'
[0.385s] Level 5:colcon.colcon_core.verb:set package 'cap_topicos' build argument 'cmake_clean_first' from command line to 'False'
[0.385s] Level 5:colcon.colcon_core.verb:set package 'cap_topicos' build argument 'cmake_force_configure' from command line to 'False'
[0.385s] Level 5:colcon.colcon_core.verb:set package 'cap_topicos' build argument 'ament_cmake_args' from command line to 'None'
[0.385s] Level 5:colcon.colcon_core.verb:set package 'cap_topicos' build argument 'catkin_cmake_args' from command line to 'None'
[0.386s] Level 5:colcon.colcon_core.verb:set package 'cap_topicos' build argument 'catkin_skip_building_tests' from command line to 'False'
[0.386s] DEBUG:colcon.colcon_core.verb:Building package 'cap_topicos' with the following arguments: {'ament_cmake_args': None, 'build_base': '/home/christopher/christopher/CHRISTOPHER/ROS2/ros2_ws/src/BASICO/cap_topicos/build/cap_topicos', 'catkin_cmake_args': None, 'catkin_skip_building_tests': False, 'cmake_args': None, 'cmake_clean_cache': False, 'cmake_clean_first': False, 'cmake_force_configure': False, 'cmake_target': None, 'cmake_target_skip_unavailable': False, 'install_base': '/home/christopher/christopher/CHRISTOPHER/ROS2/ros2_ws/src/BASICO/cap_topicos/install/cap_topicos', 'merge_install': False, 'path': '/home/christopher/christopher/CHRISTOPHER/ROS2/ros2_ws/src/BASICO/cap_topicos', 'symlink_install': True, 'test_result_base': None}
[0.386s] INFO:colcon.colcon_core.executor:Executing jobs using 'parallel' executor
[0.387s] DEBUG:colcon.colcon_parallel_executor.executor.parallel:run_until_complete
[0.387s] INFO:colcon.colcon_ros.task.ament_cmake.build:Building ROS package in '/home/christopher/christopher/CHRISTOPHER/ROS2/ros2_ws/src/BASICO/cap_topicos' with build type 'ament_cmake'
[0.388s] INFO:colcon.colcon_cmake.task.cmake.build:Building CMake package in '/home/christopher/christopher/CHRISTOPHER/ROS2/ros2_ws/src/BASICO/cap_topicos'
[0.391s] INFO:colcon.colcon_core.plugin_system:Skipping extension 'colcon_core.shell.bat': Not used on non-Windows systems
[0.391s] INFO:colcon.colcon_core.shell:Skip shell extension 'powershell' for command environment: Not usable outside of PowerShell
[0.391s] DEBUG:colcon.colcon_core.shell:Skip shell extension 'dsv' for command environment
[0.406s] DEBUG:colcon.colcon_core.event_handler.log_command:Invoking command in '/home/christopher/christopher/CHRISTOPHER/ROS2/ros2_ws/src/BASICO/cap_topicos/build/cap_topicos': CMAKE_PREFIX_PATH=${CMAKE_PREFIX_PATH}:/opt/ros/jazzy DEBUGINFOD_URLS=https://debuginfod.ubuntu.com /usr/bin/cmake /home/christopher/christopher/CHRISTOPHER/ROS2/ros2_ws/src/BASICO/cap_topicos -DAMENT_CMAKE_SYMLINK_INSTALL=1 -DCMAKE_INSTALL_PREFIX=/home/christopher/christopher/CHRISTOPHER/ROS2/ros2_ws/src/BASICO/cap_topicos/install/cap_topicos
[2.659s] DEBUG:colcon.colcon_core.event_handler.log_command:Invoked command in '/home/christopher/christopher/CHRISTOPHER/ROS2/ros2_ws/src/BASICO/cap_topicos/build/cap_topicos' returned '0': CMAKE_PREFIX_PATH=${CMAKE_PREFIX_PATH}:/opt/ros/jazzy DEBUGINFOD_URLS=https://debuginfod.ubuntu.com /usr/bin/cmake /home/christopher/christopher/CHRISTOPHER/ROS2/ros2_ws/src/BASICO/cap_topicos -DAMENT_CMAKE_SYMLINK_INSTALL=1 -DCMAKE_INSTALL_PREFIX=/home/christopher/christopher/CHRISTOPHER/ROS2/ros2_ws/src/BASICO/cap_topicos/install/cap_topicos
[2.661s] DEBUG:colcon.colcon_core.event_handler.log_command:Invoking command in '/home/christopher/christopher/CHRISTOPHER/ROS2/ros2_ws/src/BASICO/cap_topicos/build/cap_topicos': CMAKE_PREFIX_PATH=${CMAKE_PREFIX_PATH}:/opt/ros/jazzy DEBUGINFOD_URLS=https://debuginfod.ubuntu.com /usr/bin/cmake --build /home/christopher/christopher/CHRISTOPHER/ROS2/ros2_ws/src/BASICO/cap_topicos/build/cap_topicos -- -j16 -l16
[2.998s] DEBUG:colcon.colcon_core.event_handler.log_command:Invoked command in '/home/christopher/christopher/CHRISTOPHER/ROS2/ros2_ws/src/BASICO/cap_topicos/build/cap_topicos' returned '0': CMAKE_PREFIX_PATH=${CMAKE_PREFIX_PATH}:/opt/ros/jazzy DEBUGINFOD_URLS=https://debuginfod.ubuntu.com /usr/bin/cmake --build /home/christopher/christopher/CHRISTOPHER/ROS2/ros2_ws/src/BASICO/cap_topicos/build/cap_topicos -- -j16 -l16
[3.039s] DEBUG:colcon.colcon_core.event_handler.log_command:Invoking command in '/home/christopher/christopher/CHRISTOPHER/ROS2/ros2_ws/src/BASICO/cap_topicos/build/cap_topicos': CMAKE_PREFIX_PATH=${CMAKE_PREFIX_PATH}:/opt/ros/jazzy DEBUGINFOD_URLS=https://debuginfod.ubuntu.com /usr/bin/cmake --install /home/christopher/christopher/CHRISTOPHER/ROS2/ros2_ws/src/BASICO/cap_topicos/build/cap_topicos
[3.254s] DEBUG:colcon.colcon_core.event_handler.log_command:Invoked command in '/home/christopher/christopher/CHRISTOPHER/ROS2/ros2_ws/src/BASICO/cap_topicos/build/cap_topicos' returned '1': CMAKE_PREFIX_PATH=${CMAKE_PREFIX_PATH}:/opt/ros/jazzy DEBUGINFOD_URLS=https://debuginfod.ubuntu.com /usr/bin/cmake --install /home/christopher/christopher/CHRISTOPHER/ROS2/ros2_ws/src/BASICO/cap_topicos/build/cap_topicos
[3.284s] Level 1:colcon.colcon_core.environment:create_environment_scripts_only(cap_topicos)
[3.286s] Level 1:colcon.colcon_core.environment:checking '/home/christopher/christopher/CHRISTOPHER/ROS2/ros2_ws/src/BASICO/cap_topicos/install/cap_topicos' for CMake module files
[3.286s] Level 1:colcon.colcon_core.environment:checking '/home/christopher/christopher/CHRISTOPHER/ROS2/ros2_ws/src/BASICO/cap_topicos/install/cap_topicos' for CMake config files
[3.287s] Level 1:colcon.colcon_core.environment:checking '/home/christopher/christopher/CHRISTOPHER/ROS2/ros2_ws/src/BASICO/cap_topicos/install/cap_topicos/lib'
[3.287s] Level 1:colcon.colcon_core.environment:checking '/home/christopher/christopher/CHRISTOPHER/ROS2/ros2_ws/src/BASICO/cap_topicos/install/cap_topicos/bin'
[3.287s] Level 1:colcon.colcon_core.environment:checking '/home/christopher/christopher/CHRISTOPHER/ROS2/ros2_ws/src/BASICO/cap_topicos/install/cap_topicos/lib/pkgconfig/cap_topicos.pc'
[3.287s] Level 1:colcon.colcon_core.environment:checking '/home/christopher/christopher/CHRISTOPHER/ROS2/ros2_ws/src/BASICO/cap_topicos/install/cap_topicos/lib/python3.12/site-packages'
[3.287s] Level 1:colcon.colcon_core.shell:create_environment_hook('cap_topicos', 'pythonpath')
[3.287s] INFO:colcon.colcon_core.shell:Creating environment hook '/home/christopher/christopher/CHRISTOPHER/ROS2/ros2_ws/src/BASICO/cap_topicos/install/cap_topicos/share/cap_topicos/hook/pythonpath.ps1'
[3.288s] INFO:colcon.colcon_core.shell:Creating environment descriptor '/home/christopher/christopher/CHRISTOPHER/ROS2/ros2_ws/src/BASICO/cap_topicos/install/cap_topicos/share/cap_topicos/hook/pythonpath.dsv'
[3.288s] INFO:colcon.colcon_core.shell:Creating environment hook '/home/christopher/christopher/CHRISTOPHER/ROS2/ros2_ws/src/BASICO/cap_topicos/install/cap_topicos/share/cap_topicos/hook/pythonpath.sh'
[3.288s] Level 1:colcon.colcon_core.environment:checking '/home/christopher/christopher/CHRISTOPHER/ROS2/ros2_ws/src/BASICO/cap_topicos/install/cap_topicos/bin'
[3.289s] INFO:colcon.colcon_core.shell:Creating package script '/home/christopher/christopher/CHRISTOPHER/ROS2/ros2_ws/src/BASICO/cap_topicos/install/cap_topicos/share/cap_topicos/package.ps1'
[3.289s] INFO:colcon.colcon_core.shell:Creating package descriptor '/home/christopher/christopher/CHRISTOPHER/ROS2/ros2_ws/src/BASICO/cap_topicos/install/cap_topicos/share/cap_topicos/package.dsv'
[3.289s] INFO:colcon.colcon_core.shell:Creating package script '/home/christopher/christopher/CHRISTOPHER/ROS2/ros2_ws/src/BASICO/cap_topicos/install/cap_topicos/share/cap_topicos/package.sh'
[3.290s] INFO:colcon.colcon_core.shell:Creating package script '/home/christopher/christopher/CHRISTOPHER/ROS2/ros2_ws/src/BASICO/cap_topicos/install/cap_topicos/share/cap_topicos/package.bash'
[3.290s] INFO:colcon.colcon_core.shell:Creating package script '/home/christopher/christopher/CHRISTOPHER/ROS2/ros2_ws/src/BASICO/cap_topicos/install/cap_topicos/share/cap_topicos/package.zsh'
[3.290s] Level 1:colcon.colcon_core.environment:create_file_with_runtime_dependencies(/home/christopher/christopher/CHRISTOPHER/ROS2/ros2_ws/src/BASICO/cap_topicos/install/cap_topicos/share/colcon-core/packages/cap_topicos)
[3.301s] DEBUG:colcon.colcon_parallel_executor.executor.parallel:closing loop
[3.301s] DEBUG:colcon.colcon_parallel_executor.executor.parallel:loop closed
[3.301s] DEBUG:colcon.colcon_parallel_executor.executor.parallel:run_until_complete finished with '1'
[3.301s] DEBUG:colcon.colcon_core.event_reactor:joining thread
[3.306s] INFO:colcon.colcon_core.plugin_system:Skipping extension 'colcon_notification.desktop_notification.terminal_notifier': Not used on non-Darwin systems
[3.306s] INFO:colcon.colcon_core.plugin_system:Skipping extension 'colcon_notification.desktop_notification.win32': Not used on non-Windows systems
[3.306s] INFO:colcon.colcon_notification.desktop_notification:Sending desktop notification using 'notify2'
[3.319s] DEBUG:colcon.colcon_core.event_reactor:joined thread
[3.319s] INFO:colcon.colcon_core.shell:Creating prefix script '/home/christopher/christopher/CHRISTOPHER/ROS2/ros2_ws/src/BASICO/cap_topicos/install/local_setup.ps1'
[3.320s] INFO:colcon.colcon_core.shell:Creating prefix util module '/home/christopher/christopher/CHRISTOPHER/ROS2/ros2_ws/src/BASICO/cap_topicos/install/_local_setup_util_ps1.py'
[3.321s] INFO:colcon.colcon_core.shell:Creating prefix chain script '/home/christopher/christopher/CHRISTOPHER/ROS2/ros2_ws/src/BASICO/cap_topicos/install/setup.ps1'
[3.322s] INFO:colcon.colcon_core.shell:Creating prefix script '/home/christopher/christopher/CHRISTOPHER/ROS2/ros2_ws/src/BASICO/cap_topicos/install/local_setup.sh'
[3.322s] INFO:colcon.colcon_core.shell:Creating prefix util module '/home/christopher/christopher/CHRISTOPHER/ROS2/ros2_ws/src/BASICO/cap_topicos/install/_local_setup_util_sh.py'
[3.322s] INFO:colcon.colcon_core.shell:Creating prefix chain script '/home/christopher/christopher/CHRISTOPHER/ROS2/ros2_ws/src/BASICO/cap_topicos/install/setup.sh'
[3.323s] INFO:colcon.colcon_core.shell:Creating prefix script '/home/christopher/christopher/CHRISTOPHER/ROS2/ros2_ws/src/BASICO/cap_topicos/install/local_setup.bash'
[3.324s] INFO:colcon.colcon_core.shell:Creating prefix chain script '/home/christopher/christopher/CHRISTOPHER/ROS2/ros2_ws/src/BASICO/cap_topicos/install/setup.bash'
[3.325s] INFO:colcon.colcon_core.shell:Creating prefix script '/home/christopher/christopher/CHRISTOPHER/ROS2/ros2_ws/src/BASICO/cap_topicos/install/local_setup.zsh'
[3.325s] INFO:colcon.colcon_core.shell:Creating prefix chain script '/home/christopher/christopher/CHRISTOPHER/ROS2/ros2_ws/src/BASICO/cap_topicos/install/setup.zsh'
