[0.149s] DEBUG:colcon:Command line arguments: ['/usr/bin/colcon', 'list', '-n']
[0.149s] DEBUG:colcon:Parsed command line arguments: Namespace(log_base=None, log_level=None, verb_name='list', build_base='build', ignore_user_meta=False, metas=['./colcon.meta'], base_paths=['.'], packages_ignore=None, packages_ignore_regex=None, paths=None, packages_up_to=None, packages_up_to_regex=None, packages_above=None, packages_above_and_dependencies=None, packages_above_depth=None, packages_select_by_dep=None, packages_skip_by_dep=None, packages_skip_up_to=None, packages_select_build_failed=False, packages_skip_build_finished=False, packages_select_test_failures=False, packages_skip_test_passed=False, packages_select=None, packages_skip=None, packages_select_regex=None, packages_skip_regex=None, packages_start=None, packages_end=None, allow_overriding=[], topological_order=False, names_only=True, paths_only=False, topological_graph=False, topological_graph_dot=False, topological_graph_density=False, topological_graph_legend=False, topological_graph_dot_cluster=False, topological_graph_dot_include_skipped=False, mixin_files=None, mixin=None, verb_parser=<colcon_mixin.mixin.mixin_argument.MixinArgumentDecorator object at 0x72a9cd19c3b0>, verb_extension=<colcon_package_information.verb.list.ListVerb object at 0x72a9cdb57cb0>, main=<bound method ListVerb.main of <colcon_package_information.verb.list.ListVerb object at 0x72a9cdb57cb0>>, mixin_verb=('list',))
[0.208s] Level 1:colcon.colcon_core.package_discovery:discover_packages(colcon_meta) check parameters
[0.208s] Level 1:colcon.colcon_core.package_discovery:discover_packages(recursive) check parameters
[0.208s] Level 1:colcon.colcon_core.package_discovery:discover_packages(ignore) check parameters
[0.208s] Level 1:colcon.colcon_core.package_discovery:discover_packages(path) check parameters
[0.208s] Level 1:colcon.colcon_core.package_discovery:discover_packages(colcon_meta) discover
[0.208s] Level 1:colcon.colcon_core.package_discovery:discover_packages(recursive) discover
[0.208s] INFO:colcon.colcon_core.package_discovery:Crawling recursively for packages in '/home/christopher/christopher/CHRISTOPHER/ROS2/ros2_ws/src/BASICO'
[0.209s] Level 1:colcon.colcon_core.package_identification:_identify(.) by extensions ['ignore', 'ignore_ament_install']
[0.209s] Level 1:colcon.colcon_core.package_identification:_identify(.) by extension 'ignore'
[0.209s] Level 1:colcon.colcon_core.package_identification:_identify(.) by extension 'ignore_ament_install'
[0.209s] Level 1:colcon.colcon_core.package_identification:_identify(.) by extensions ['colcon_pkg']
[0.209s] Level 1:colcon.colcon_core.package_identification:_identify(.) by extension 'colcon_pkg'
[0.209s] Level 1:colcon.colcon_core.package_identification:_identify(.) by extensions ['colcon_meta']
[0.209s] Level 1:colcon.colcon_core.package_identification:_identify(.) by extension 'colcon_meta'
[0.209s] Level 1:colcon.colcon_core.package_identification:_identify(.) by extensions ['ros']
[0.209s] Level 1:colcon.colcon_core.package_identification:_identify(.) by extension 'ros'
[0.245s] Level 1:colcon.colcon_core.package_identification:_identify(.) by extensions ['cmake', 'python']
[0.245s] Level 1:colcon.colcon_core.package_identification:_identify(.) by extension 'cmake'
[0.245s] Level 1:colcon.colcon_core.package_identification:_identify(.) by extension 'python'
[0.246s] Level 1:colcon.colcon_core.package_identification:_identify(.) by extensions ['python_setup_py']
[0.246s] Level 1:colcon.colcon_core.package_identification:_identify(.) by extension 'python_setup_py'
[0.246s] Level 1:colcon.colcon_core.package_identification:_identify(GPS_PRUEBA) by extensions ['ignore', 'ignore_ament_install']
[0.246s] Level 1:colcon.colcon_core.package_identification:_identify(GPS_PRUEBA) by extension 'ignore'
[0.246s] Level 1:colcon.colcon_core.package_identification:_identify(GPS_PRUEBA) by extension 'ignore_ament_install'
[0.246s] Level 1:colcon.colcon_core.package_identification:_identify(GPS_PRUEBA) by extensions ['colcon_pkg']
[0.246s] Level 1:colcon.colcon_core.package_identification:_identify(GPS_PRUEBA) by extension 'colcon_pkg'
[0.246s] Level 1:colcon.colcon_core.package_identification:_identify(GPS_PRUEBA) by extensions ['colcon_meta']
[0.246s] Level 1:colcon.colcon_core.package_identification:_identify(GPS_PRUEBA) by extension 'colcon_meta'
[0.246s] Level 1:colcon.colcon_core.package_identification:_identify(GPS_PRUEBA) by extensions ['ros']
[0.246s] Level 1:colcon.colcon_core.package_identification:_identify(GPS_PRUEBA) by extension 'ros'
[0.246s] Level 1:colcon.colcon_core.package_identification:_identify(GPS_PRUEBA) by extensions ['cmake', 'python']
[0.247s] Level 1:colcon.colcon_core.package_identification:_identify(GPS_PRUEBA) by extension 'cmake'
[0.247s] Level 1:colcon.colcon_core.package_identification:_identify(GPS_PRUEBA) by extension 'python'
[0.247s] Level 1:colcon.colcon_core.package_identification:_identify(GPS_PRUEBA) by extensions ['python_setup_py']
[0.247s] Level 1:colcon.colcon_core.package_identification:_identify(GPS_PRUEBA) by extension 'python_setup_py'
[0.247s] Level 1:colcon.colcon_core.package_identification:_identify(GPS_PRUEBA/GPS_PRUEBA) by extensions ['ignore', 'ignore_ament_install']
[0.247s] Level 1:colcon.colcon_core.package_identification:_identify(GPS_PRUEBA/GPS_PRUEBA) by extension 'ignore'
[0.247s] Level 1:colcon.colcon_core.package_identification:_identify(GPS_PRUEBA/GPS_PRUEBA) by extension 'ignore_ament_install'
[0.247s] Level 1:colcon.colcon_core.package_identification:_identify(GPS_PRUEBA/GPS_PRUEBA) by extensions ['colcon_pkg']
[0.247s] Level 1:colcon.colcon_core.package_identification:_identify(GPS_PRUEBA/GPS_PRUEBA) by extension 'colcon_pkg'
[0.247s] Level 1:colcon.colcon_core.package_identification:_identify(GPS_PRUEBA/GPS_PRUEBA) by extensions ['colcon_meta']
[0.247s] Level 1:colcon.colcon_core.package_identification:_identify(GPS_PRUEBA/GPS_PRUEBA) by extension 'colcon_meta'
[0.247s] Level 1:colcon.colcon_core.package_identification:_identify(GPS_PRUEBA/GPS_PRUEBA) by extensions ['ros']
[0.247s] Level 1:colcon.colcon_core.package_identification:_identify(GPS_PRUEBA/GPS_PRUEBA) by extension 'ros'
[0.247s] Level 1:colcon.colcon_core.package_identification:_identify(GPS_PRUEBA/GPS_PRUEBA) by extensions ['cmake', 'python']
[0.247s] Level 1:colcon.colcon_core.package_identification:_identify(GPS_PRUEBA/GPS_PRUEBA) by extension 'cmake'
[0.247s] Level 1:colcon.colcon_core.package_identification:_identify(GPS_PRUEBA/GPS_PRUEBA) by extension 'python'
[0.248s] Level 1:colcon.colcon_core.package_identification:_identify(GPS_PRUEBA/GPS_PRUEBA) by extensions ['python_setup_py']
[0.248s] Level 1:colcon.colcon_core.package_identification:_identify(GPS_PRUEBA/GPS_PRUEBA) by extension 'python_setup_py'
[0.248s] Level 1:colcon.colcon_core.package_identification:_identify(IMU_PRUEBA) by extensions ['ignore', 'ignore_ament_install']
[0.248s] Level 1:colcon.colcon_core.package_identification:_identify(IMU_PRUEBA) by extension 'ignore'
[0.248s] Level 1:colcon.colcon_core.package_identification:_identify(IMU_PRUEBA) by extension 'ignore_ament_install'
[0.248s] Level 1:colcon.colcon_core.package_identification:_identify(IMU_PRUEBA) by extensions ['colcon_pkg']
[0.248s] Level 1:colcon.colcon_core.package_identification:_identify(IMU_PRUEBA) by extension 'colcon_pkg'
[0.248s] Level 1:colcon.colcon_core.package_identification:_identify(IMU_PRUEBA) by extensions ['colcon_meta']
[0.248s] Level 1:colcon.colcon_core.package_identification:_identify(IMU_PRUEBA) by extension 'colcon_meta'
[0.248s] Level 1:colcon.colcon_core.package_identification:_identify(IMU_PRUEBA) by extensions ['ros']
[0.248s] Level 1:colcon.colcon_core.package_identification:_identify(IMU_PRUEBA) by extension 'ros'
[0.248s] Level 1:colcon.colcon_core.package_identification:_identify(IMU_PRUEBA) by extensions ['cmake', 'python']
[0.248s] Level 1:colcon.colcon_core.package_identification:_identify(IMU_PRUEBA) by extension 'cmake'
[0.248s] Level 1:colcon.colcon_core.package_identification:_identify(IMU_PRUEBA) by extension 'python'
[0.248s] Level 1:colcon.colcon_core.package_identification:_identify(IMU_PRUEBA) by extensions ['python_setup_py']
[0.248s] Level 1:colcon.colcon_core.package_identification:_identify(IMU_PRUEBA) by extension 'python_setup_py'
[0.249s] Level 1:colcon.colcon_core.package_identification:_identify(IMU_PRUEBA/IMU_PRUEBA) by extensions ['ignore', 'ignore_ament_install']
[0.249s] Level 1:colcon.colcon_core.package_identification:_identify(IMU_PRUEBA/IMU_PRUEBA) by extension 'ignore'
[0.249s] Level 1:colcon.colcon_core.package_identification:_identify(IMU_PRUEBA/IMU_PRUEBA) by extension 'ignore_ament_install'
[0.249s] Level 1:colcon.colcon_core.package_identification:_identify(IMU_PRUEBA/IMU_PRUEBA) by extensions ['colcon_pkg']
[0.249s] Level 1:colcon.colcon_core.package_identification:_identify(IMU_PRUEBA/IMU_PRUEBA) by extension 'colcon_pkg'
[0.249s] Level 1:colcon.colcon_core.package_identification:_identify(IMU_PRUEBA/IMU_PRUEBA) by extensions ['colcon_meta']
[0.249s] Level 1:colcon.colcon_core.package_identification:_identify(IMU_PRUEBA/IMU_PRUEBA) by extension 'colcon_meta'
[0.249s] Level 1:colcon.colcon_core.package_identification:_identify(IMU_PRUEBA/IMU_PRUEBA) by extensions ['ros']
[0.249s] Level 1:colcon.colcon_core.package_identification:_identify(IMU_PRUEBA/IMU_PRUEBA) by extension 'ros'
[0.249s] Level 1:colcon.colcon_core.package_identification:_identify(IMU_PRUEBA/IMU_PRUEBA) by extensions ['cmake', 'python']
[0.249s] Level 1:colcon.colcon_core.package_identification:_identify(IMU_PRUEBA/IMU_PRUEBA) by extension 'cmake'
[0.249s] Level 1:colcon.colcon_core.package_identification:_identify(IMU_PRUEBA/IMU_PRUEBA) by extension 'python'
[0.249s] Level 1:colcon.colcon_core.package_identification:_identify(IMU_PRUEBA/IMU_PRUEBA) by extensions ['python_setup_py']
[0.249s] Level 1:colcon.colcon_core.package_identification:_identify(IMU_PRUEBA/IMU_PRUEBA) by extension 'python_setup_py'
[0.249s] Level 1:colcon.colcon_core.package_identification:_identify(cap_launch) by extensions ['ignore', 'ignore_ament_install']
[0.250s] Level 1:colcon.colcon_core.package_identification:_identify(cap_launch) by extension 'ignore'
[0.250s] Level 1:colcon.colcon_core.package_identification:_identify(cap_launch) by extension 'ignore_ament_install'
[0.250s] Level 1:colcon.colcon_core.package_identification:_identify(cap_launch) by extensions ['colcon_pkg']
[0.250s] Level 1:colcon.colcon_core.package_identification:_identify(cap_launch) by extension 'colcon_pkg'
[0.250s] Level 1:colcon.colcon_core.package_identification:_identify(cap_launch) by extensions ['colcon_meta']
[0.250s] Level 1:colcon.colcon_core.package_identification:_identify(cap_launch) by extension 'colcon_meta'
[0.250s] Level 1:colcon.colcon_core.package_identification:_identify(cap_launch) by extensions ['ros']
[0.250s] Level 1:colcon.colcon_core.package_identification:_identify(cap_launch) by extension 'ros'
[0.254s] DEBUG:colcon.colcon_core.package_identification:Package 'cap_launch' with type 'ros.ament_cmake' and name 'cap_launch'
[0.254s] Level 1:colcon.colcon_core.package_identification:_identify(cap_nodos) by extensions ['ignore', 'ignore_ament_install']
[0.254s] Level 1:colcon.colcon_core.package_identification:_identify(cap_nodos) by extension 'ignore'
[0.254s] Level 1:colcon.colcon_core.package_identification:_identify(cap_nodos) by extension 'ignore_ament_install'
[0.254s] Level 1:colcon.colcon_core.package_identification:_identify(cap_nodos) by extensions ['colcon_pkg']
[0.254s] Level 1:colcon.colcon_core.package_identification:_identify(cap_nodos) by extension 'colcon_pkg'
[0.254s] Level 1:colcon.colcon_core.package_identification:_identify(cap_nodos) by extensions ['colcon_meta']
[0.254s] Level 1:colcon.colcon_core.package_identification:_identify(cap_nodos) by extension 'colcon_meta'
[0.254s] Level 1:colcon.colcon_core.package_identification:_identify(cap_nodos) by extensions ['ros']
[0.254s] Level 1:colcon.colcon_core.package_identification:_identify(cap_nodos) by extension 'ros'
[0.255s] DEBUG:colcon.colcon_core.package_identification:Package 'cap_nodos' with type 'ros.ament_cmake' and name 'cap_nodos'
[0.255s] Level 1:colcon.colcon_core.package_identification:_identify(cap_topicos) by extensions ['ignore', 'ignore_ament_install']
[0.256s] Level 1:colcon.colcon_core.package_identification:_identify(cap_topicos) by extension 'ignore'
[0.256s] Level 1:colcon.colcon_core.package_identification:_identify(cap_topicos) by extension 'ignore_ament_install'
[0.256s] Level 1:colcon.colcon_core.package_identification:_identify(cap_topicos) by extensions ['colcon_pkg']
[0.256s] Level 1:colcon.colcon_core.package_identification:_identify(cap_topicos) by extension 'colcon_pkg'
[0.256s] Level 1:colcon.colcon_core.package_identification:_identify(cap_topicos) by extensions ['colcon_meta']
[0.256s] Level 1:colcon.colcon_core.package_identification:_identify(cap_topicos) by extension 'colcon_meta'
[0.256s] Level 1:colcon.colcon_core.package_identification:_identify(cap_topicos) by extensions ['ros']
[0.256s] Level 1:colcon.colcon_core.package_identification:_identify(cap_topicos) by extension 'ros'
[0.257s] DEBUG:colcon.colcon_core.package_identification:Package 'cap_topicos' with type 'ros.ament_cmake' and name 'cap_topicos'
[0.257s] Level 1:colcon.colcon_core.package_identification:_identify(gps_ros2_pruebas) by extensions ['ignore', 'ignore_ament_install']
[0.258s] Level 1:colcon.colcon_core.package_identification:_identify(gps_ros2_pruebas) by extension 'ignore'
[0.258s] Level 1:colcon.colcon_core.package_identification:_identify(gps_ros2_pruebas) by extension 'ignore_ament_install'
[0.258s] Level 1:colcon.colcon_core.package_identification:_identify(gps_ros2_pruebas) by extensions ['colcon_pkg']
[0.258s] Level 1:colcon.colcon_core.package_identification:_identify(gps_ros2_pruebas) by extension 'colcon_pkg'
[0.258s] Level 1:colcon.colcon_core.package_identification:_identify(gps_ros2_pruebas) by extensions ['colcon_meta']
[0.258s] Level 1:colcon.colcon_core.package_identification:_identify(gps_ros2_pruebas) by extension 'colcon_meta'
[0.258s] Level 1:colcon.colcon_core.package_identification:_identify(gps_ros2_pruebas) by extensions ['ros']
[0.258s] Level 1:colcon.colcon_core.package_identification:_identify(gps_ros2_pruebas) by extension 'ros'
[0.261s] DEBUG:colcon.colcon_core.package_identification:Package 'gps_ros2_pruebas' with type 'ros.ament_cmake' and name 'gps_ros2_pruebas'
[0.261s] Level 1:colcon.colcon_core.package_identification:_identify(gps_src) by extensions ['ignore', 'ignore_ament_install']
[0.261s] Level 1:colcon.colcon_core.package_identification:_identify(gps_src) by extension 'ignore'
[0.261s] Level 1:colcon.colcon_core.package_identification:_identify(gps_src) by extension 'ignore_ament_install'
[0.261s] Level 1:colcon.colcon_core.package_identification:_identify(gps_src) by extensions ['colcon_pkg']
[0.261s] Level 1:colcon.colcon_core.package_identification:_identify(gps_src) by extension 'colcon_pkg'
[0.261s] Level 1:colcon.colcon_core.package_identification:_identify(gps_src) by extensions ['colcon_meta']
[0.261s] Level 1:colcon.colcon_core.package_identification:_identify(gps_src) by extension 'colcon_meta'
[0.261s] Level 1:colcon.colcon_core.package_identification:_identify(gps_src) by extensions ['ros']
[0.261s] Level 1:colcon.colcon_core.package_identification:_identify(gps_src) by extension 'ros'
[0.262s] Level 1:colcon.colcon_core.package_identification:_identify(gps_src) by extensions ['cmake', 'python']
[0.262s] Level 1:colcon.colcon_core.package_identification:_identify(gps_src) by extension 'cmake'
[0.266s] Level 1:colcon.colcon_core.package_identification:_identify(gps_src) by extension 'python'
[0.266s] DEBUG:colcon.colcon_core.package_identification:Package 'gps_src' with type 'cmake' and name 'gps_src'
[0.266s] Level 1:colcon.colcon_core.package_identification:_identify(imu_ros2_prueba) by extensions ['ignore', 'ignore_ament_install']
[0.266s] Level 1:colcon.colcon_core.package_identification:_identify(imu_ros2_prueba) by extension 'ignore'
[0.266s] Level 1:colcon.colcon_core.package_identification:_identify(imu_ros2_prueba) by extension 'ignore_ament_install'
[0.266s] Level 1:colcon.colcon_core.package_identification:_identify(imu_ros2_prueba) by extensions ['colcon_pkg']
[0.266s] Level 1:colcon.colcon_core.package_identification:_identify(imu_ros2_prueba) by extension 'colcon_pkg'
[0.266s] Level 1:colcon.colcon_core.package_identification:_identify(imu_ros2_prueba) by extensions ['colcon_meta']
[0.266s] Level 1:colcon.colcon_core.package_identification:_identify(imu_ros2_prueba) by extension 'colcon_meta'
[0.267s] Level 1:colcon.colcon_core.package_identification:_identify(imu_ros2_prueba) by extensions ['ros']
[0.267s] Level 1:colcon.colcon_core.package_identification:_identify(imu_ros2_prueba) by extension 'ros'
[0.267s] DEBUG:colcon.colcon_core.package_identification:Package 'imu_ros2_prueba' with type 'ros.ament_cmake' and name 'imu_ros2_prueba'
[0.268s] Level 1:colcon.colcon_core.package_identification:_identify(log) by extensions ['ignore', 'ignore_ament_install']
[0.268s] Level 1:colcon.colcon_core.package_identification:_identify(log) by extension 'ignore'
[0.268s] Level 1:colcon.colcon_core.package_identification:_identify(log) ignored
[0.268s] Level 1:colcon.colcon_core.package_discovery:discover_packages(recursive) using defaults
[0.268s] Level 1:colcon.colcon_core.package_discovery:discover_packages(ignore) discover
[0.268s] Level 1:colcon.colcon_core.package_discovery:discover_packages(ignore) using defaults
[0.268s] Level 1:colcon.colcon_core.package_discovery:discover_packages(path) discover
[0.268s] Level 1:colcon.colcon_core.package_discovery:discover_packages(path) using defaults
